[debug] [2022-12-31T18:23:49.733Z] ----------------------------------------------------------------------
[debug] [2022-12-31T18:23:49.735Z] Command:       /usr/bin/node /home/joel/repos/gmbf_web/node_modules/.bin/firebase emulators:start --only auth,database
[debug] [2022-12-31T18:23:49.735Z] CLI Version:   11.16.1
[debug] [2022-12-31T18:23:49.735Z] Platform:      linux
[debug] [2022-12-31T18:23:49.735Z] Node Version:  v18.12.1
[debug] [2022-12-31T18:23:49.736Z] Time:          Sun Jan 01 2023 02:23:49 GMT+0800 (Taipei Standard Time)
[debug] [2022-12-31T18:23:49.736Z] ----------------------------------------------------------------------
[debug] 
[debug] [2022-12-31T18:23:49.785Z] > command requires scopes: ["email","openid","https://www.googleapis.com/auth/cloudplatformprojects.readonly","https://www.googleapis.com/auth/firebase","https://www.googleapis.com/auth/cloud-platform"]
[debug] [2022-12-31T18:23:49.785Z] > authorizing via signed-in user (jcchangg3@gmail.com)
[debug] [2022-12-31T18:23:49.801Z] openjdk version "17.0.5" 2022-10-18

[debug] [2022-12-31T18:23:49.802Z] OpenJDK Runtime Environment (Red_Hat-17.0.5.0.8-1.fc37) (build 17.0.5+8)
OpenJDK 64-Bit Server VM (Red_Hat-17.0.5.0.8-1.fc37) (build 17.0.5+8, mixed mode, sharing)

[debug] [2022-12-31T18:23:49.805Z] Parsed Java major version: 17
[info] i  emulators: Starting emulators: auth, database {"metadata":{"emulator":{"name":"hub"},"message":"Starting emulators: auth, database"}}
[debug] [2022-12-31T18:23:49.811Z] [logging] Logging Emulator only supports listening on one address (127.0.0.1). Not listening on ::1
[debug] [2022-12-31T18:23:49.811Z] [auth] Authentication Emulator only supports listening on one address (127.0.0.1). Not listening on ::1
[debug] [2022-12-31T18:23:49.811Z] [database] Database Emulator only supports listening on one address (127.0.0.1). Not listening on ::1
[debug] [2022-12-31T18:23:49.811Z] assigned listening specs for emulators {"user":{"hub":[{"address":"127.0.0.1","family":"IPv4","port":4400},{"address":"::1","family":"IPv6","port":4400}],"ui":[{"address":"127.0.0.1","family":"IPv4","port":4000},{"address":"::1","family":"IPv6","port":4000}],"logging":[{"address":"127.0.0.1","family":"IPv4","port":4500}],"auth":[{"address":"127.0.0.1","family":"IPv4","port":9099}],"database":[{"address":"127.0.0.1","family":"IPv4","port":9000}]},"metadata":{"message":"assigned listening specs for emulators"}}
[debug] [2022-12-31T18:23:49.815Z] [hub] writing locator at /tmp/hub-reacttest-a9592.json
[debug] [2022-12-31T18:23:49.819Z] > refreshing access token with scopes: []
[debug] [2022-12-31T18:23:49.821Z] >>> [apiv2][query] POST https://www.googleapis.com/oauth2/v3/token [none]
[debug] [2022-12-31T18:23:49.821Z] >>> [apiv2][body] POST https://www.googleapis.com/oauth2/v3/token [omitted]
[debug] [2022-12-31T18:23:53.038Z] <<< [apiv2][status] POST https://www.googleapis.com/oauth2/v3/token 200
[debug] [2022-12-31T18:23:53.038Z] <<< [apiv2][body] POST https://www.googleapis.com/oauth2/v3/token [omitted]
[debug] [2022-12-31T18:23:53.043Z] >>> [apiv2][query] GET https://firebase.googleapis.com/v1beta1/projects/reacttest-a9592 [none]
[debug] [2022-12-31T18:23:56.439Z] <<< [apiv2][status] GET https://firebase.googleapis.com/v1beta1/projects/reacttest-a9592 200
[debug] [2022-12-31T18:23:56.439Z] <<< [apiv2][body] GET https://firebase.googleapis.com/v1beta1/projects/reacttest-a9592 {"projectId":"reacttest-a9592","projectNumber":"462483936284","displayName":"reacttest","name":"projects/reacttest-a9592","resources":{"hostingSite":"reacttest-a9592","realtimeDatabaseInstance":"reacttest-a9592-default-rtdb"},"state":"ACTIVE","etag":"1_2f0d7208-cc33-477d-8c89-47a72ef599d4"}
[debug] [2022-12-31T18:23:56.439Z] database rules config:  [{"instance":"reacttest-a9592-default-rtdb","rules":"/home/joel/repos/gmbf_web/database.rules.json"}]
[debug] [2022-12-31T18:23:56.442Z] Ignoring unsupported arg: projectId {"metadata":{"emulator":{"name":"database"},"message":"Ignoring unsupported arg: projectId"}}
[debug] [2022-12-31T18:23:56.442Z] Ignoring unsupported arg: auto_download {"metadata":{"emulator":{"name":"database"},"message":"Ignoring unsupported arg: auto_download"}}
[debug] [2022-12-31T18:23:56.442Z] Ignoring unsupported arg: rules {"metadata":{"emulator":{"name":"database"},"message":"Ignoring unsupported arg: rules"}}
[debug] [2022-12-31T18:23:56.442Z] Starting Database Emulator with command {"binary":"java","args":["-Duser.language=en","-jar","/home/joel/.cache/firebase/emulators/firebase-database-emulator-v4.11.0.jar","--host","127.0.0.1","--port",9000,"--single_project_mode","Warning"],"optionalArgs":["port","host","functions_emulator_port","functions_emulator_host","single_project_mode"],"joinArgs":false} {"metadata":{"emulator":{"name":"database"},"message":"Starting Database Emulator with command {\"binary\":\"java\",\"args\":[\"-Duser.language=en\",\"-jar\",\"/home/joel/.cache/firebase/emulators/firebase-database-emulator-v4.11.0.jar\",\"--host\",\"127.0.0.1\",\"--port\",9000,\"--single_project_mode\",\"Warning\"],\"optionalArgs\":[\"port\",\"host\",\"functions_emulator_port\",\"functions_emulator_host\",\"single_project_mode\"],\"joinArgs\":false}"}}
[info] i  database: Database Emulator logging to database-debug.log {"metadata":{"emulator":{"name":"database"},"message":"Database Emulator logging to \u001b[1mdatabase-debug.log\u001b[22m"}}
[debug] [2022-12-31T18:23:57.071Z] 02:23:57.070 [NamespaceSystem-akka.actor.default-dispatcher-4] INFO akka.event.slf4j.Slf4jLogger - Slf4jLogger started
 {"metadata":{"emulator":{"name":"database"},"message":"02:23:57.070 [NamespaceSystem-akka.actor.default-dispatcher-4] INFO akka.event.slf4j.Slf4jLogger - Slf4jLogger started\n"}}
[debug] [2022-12-31T18:23:57.160Z] 02:23:57.160 [main] INFO com.firebase.server.forge.App$ - Listening at 127.0.0.1:9000
 {"metadata":{"emulator":{"name":"database"},"message":"02:23:57.160 [main] INFO com.firebase.server.forge.App$ - Listening at 127.0.0.1:9000\n"}}
[debug] [2022-12-31T18:24:01.611Z] Ignoring unsupported arg: auto_download {"metadata":{"emulator":{"name":"ui"},"message":"Ignoring unsupported arg: auto_download"}}
[debug] [2022-12-31T18:24:01.611Z] Ignoring unsupported arg: port {"metadata":{"emulator":{"name":"ui"},"message":"Ignoring unsupported arg: port"}}
[debug] [2022-12-31T18:24:01.612Z] Starting Emulator UI with command {"binary":"node","args":["/home/joel/.cache/firebase/emulators/ui-v1.11.1/server/server.js"],"optionalArgs":[],"joinArgs":false} {"metadata":{"emulator":{"name":"ui"},"message":"Starting Emulator UI with command {\"binary\":\"node\",\"args\":[\"/home/joel/.cache/firebase/emulators/ui-v1.11.1/server/server.js\"],\"optionalArgs\":[],\"joinArgs\":false}"}}
[info] i  ui: Emulator UI logging to ui-debug.log {"metadata":{"emulator":{"name":"ui"},"message":"Emulator UI logging to \u001b[1mui-debug.log\u001b[22m"}}
[debug] [2022-12-31T18:24:01.742Z] Web / API server started at 127.0.0.1:4000
 {"metadata":{"emulator":{"name":"ui"},"message":"Web / API server started at 127.0.0.1:4000\n"}}
[debug] [2022-12-31T18:24:01.742Z] Web / API server started at ::1:4000
 {"metadata":{"emulator":{"name":"ui"},"message":"Web / API server started at ::1:4000\n"}}
[debug] [2022-12-31T18:24:01.874Z] >>> [apiv2][query] PUT http://127.0.0.1:9000/.settings/rules.json ns=reacttest-a9592-default-rtdb
[debug] [2022-12-31T18:24:01.874Z] >>> [apiv2][body] PUT http://127.0.0.1:9000/.settings/rules.json "{\n  \"rules\": {\n    \".read\": \"true\",\n    \".write\": \"true\"\n  }\n}"
[debug] [2022-12-31T18:24:02.006Z] 02:24:02.006 [NamespaceSystem-akka.actor.default-dispatcher-5] INFO com.firebase.core.namespace.NamespaceActor - reacttest-a9592-default-rtdb successfully activated FBKV (SurveyIdle(0)) wait: 65ms, init: 0ms
 {"metadata":{"emulator":{"name":"database"},"message":"02:24:02.006 [NamespaceSystem-akka.actor.default-dispatcher-5] INFO com.firebase.core.namespace.NamespaceActor - reacttest-a9592-default-rtdb successfully activated FBKV (SurveyIdle(0)) wait: 65ms, init: 0ms\n"}}
[debug] [2022-12-31T18:24:02.040Z] 02:24:02.039 [NamespaceSystem-blocking-namespace-operation-dispatcher-6] INFO com.firebase.core.namespace.StateManager - Namespace reacttest-a9592-default-rtdb status Active to Active
 {"metadata":{"emulator":{"name":"database"},"message":"02:24:02.039 [NamespaceSystem-blocking-namespace-operation-dispatcher-6] INFO com.firebase.core.namespace.StateManager - Namespace reacttest-a9592-default-rtdb status Active to Active\n"}}
[debug] [2022-12-31T18:24:02.066Z] <<< [apiv2][status] PUT http://127.0.0.1:9000/.settings/rules.json 200
[debug] [2022-12-31T18:24:02.066Z] <<< [apiv2][body] PUT http://127.0.0.1:9000/.settings/rules.json {"status":"ok"}
[info] 
┌─────────────────────────────────────────────────────────────┐
│ ✔  All emulators ready! It is now safe to connect your app. │
│ i  View Emulator UI at http://127.0.0.1:4000/               │
└─────────────────────────────────────────────────────────────┘

┌────────────────┬────────────────┬────────────────────────────────┐
│ Emulator       │ Host:Port      │ View in Emulator UI            │
├────────────────┼────────────────┼────────────────────────────────┤
│ Authentication │ 127.0.0.1:9099 │ http://127.0.0.1:4000/auth     │
├────────────────┼────────────────┼────────────────────────────────┤
│ Database       │ 127.0.0.1:9000 │ http://127.0.0.1:4000/database │
└────────────────┴────────────────┴────────────────────────────────┘
  Emulator Hub running at 127.0.0.1:4400
  Other reserved ports: 4500

Issues? Report them at https://github.com/firebase/firebase-tools/issues and attach the *-debug.log files.
 
[debug] [2022-12-31T18:24:13.695Z] 02:24:13.695 [FirebaseWorkerPool-1-3] WARN com.firebase.core.persistence.backend.dummy.EmulatorMetadataPersistence - Multiple projectIds are not recommended in single project mode. Requested 
namespace reacttest-a9592, but the emulator is configured for reacttest-a9592-default-rtdb. To 
opt-out of single project mode add/set the single_project_mode: false property in 
the firebase.json emulators config. 
 {"metadata":{"emulator":{"name":"database"},"message":"02:24:13.695 [FirebaseWorkerPool-1-3] WARN com.firebase.core.persistence.backend.dummy.EmulatorMetadataPersistence - Multiple projectIds are not recommended in single project mode. Requested \nnamespace reacttest-a9592, but the emulator is configured for reacttest-a9592-default-rtdb. To \nopt-out of single project mode add/set the single_project_mode: false property in \nthe firebase.json emulators config. \n"}}
[debug] [2022-12-31T18:24:13.699Z] 02:24:13.698 [NamespaceSystem-akka.actor.default-dispatcher-5] INFO com.firebase.core.namespace.NamespaceActor - reacttest-a9592 successfully activated FBKV (SurveyIdle(0)) wait: 1ms, init: 0ms
 {"metadata":{"emulator":{"name":"database"},"message":"02:24:13.698 [NamespaceSystem-akka.actor.default-dispatcher-5] INFO com.firebase.core.namespace.NamespaceActor - reacttest-a9592 successfully activated FBKV (SurveyIdle(0)) wait: 1ms, init: 0ms\n"}}
[debug] [2022-12-31T18:27:20.292Z] 02:27:20.292 [FirebaseWorkerPool-1-1] WARN com.firebase.core.persistence.backend.dummy.EmulatorMetadataPersistence - Multiple projectIds are not recommended in single project mode. Requested 
namespace fake-server, but the emulator is configured for reacttest-a9592,reacttest-a9592-default-rtdb. To 
opt-out of single project mode add/set the single_project_mode: false property in 
the firebase.json emulators config. 
 {"metadata":{"emulator":{"name":"database"},"message":"02:27:20.292 [FirebaseWorkerPool-1-1] WARN com.firebase.core.persistence.backend.dummy.EmulatorMetadataPersistence - Multiple projectIds are not recommended in single project mode. Requested \nnamespace fake-server, but the emulator is configured for reacttest-a9592,reacttest-a9592-default-rtdb. To \nopt-out of single project mode add/set the single_project_mode: false property in \nthe firebase.json emulators config. \n"}}
[debug] [2022-12-31T18:27:20.295Z] 02:27:20.295 [NamespaceSystem-akka.actor.default-dispatcher-5] INFO com.firebase.core.namespace.NamespaceActor - fake-server successfully activated FBKV (SurveyIdle(0)) wait: 1ms, init: 0ms
 {"metadata":{"emulator":{"name":"database"},"message":"02:27:20.295 [NamespaceSystem-akka.actor.default-dispatcher-5] INFO com.firebase.core.namespace.NamespaceActor - fake-server successfully activated FBKV (SurveyIdle(0)) wait: 1ms, init: 0ms\n"}}
[debug] [2022-12-31T21:51:24.157Z] Received signal SIGHUP 1
[info]  
[info] i  emulators: Received SIGHUP for the first time. Starting a clean shutdown. 
[info] i  emulators: Please wait for a clean shutdown or send the SIGHUP signal again to stop right now. 
[info] i  emulators: Shutting down emulators. {"metadata":{"emulator":{"name":"hub"},"message":"Shutting down emulators."}}
[info] i  ui: Stopping Emulator UI {"metadata":{"emulator":{"name":"ui"},"message":"Stopping Emulator UI"}}
[debug] [2022-12-31T21:51:24.160Z] Received signal SIGTERM 1
[info]  
[info] i  emulators: Received SIGTERM for the first time. Starting a clean shutdown. 
[info] i  emulators: Please wait for a clean shutdown or send the SIGTERM signal again to stop right now. 
[info] i  emulators: Shutting down emulators. {"metadata":{"emulator":{"name":"hub"},"message":"Shutting down emulators."}}
[info] i  ui: Stopping Emulator UI {"metadata":{"emulator":{"name":"ui"},"message":"Stopping Emulator UI"}}
[debug] [2022-12-31T21:51:24.161Z] 05:51:24.156 [Thread-0] INFO com.firebase.server.forge.App$ - Attempting graceful shutdown.
 {"metadata":{"emulator":{"name":"database"},"message":"05:51:24.156 [Thread-0] INFO com.firebase.server.forge.App$ - Attempting graceful shutdown.\n"}}
[debug] [2022-12-31T21:51:24.162Z] Ignoring signal SIGHUP due to short delay of 6ms
[debug] [2022-12-31T21:51:24.171Z] 05:51:24.165 [NamespaceSystem-akka.actor.default-dispatcher-25] INFO com.firebase.core.namespace.Terminator$Terminator - 3 actors left to terminate: reacttest-a9592-default-rtdb, reacttest-a9592, fake-server
05:51:24.170 [NamespaceSystem-akka.actor.default-dispatcher-22] INFO com.firebase.core.namespace.NamespaceActor - stopped namespace actor for fake-server
05:51:24.170 [NamespaceSystem-akka.actor.default-dispatcher-26] INFO com.firebase.core.namespace.NamespaceActor - stopped namespace actor for reacttest-a9592
05:51:24.170 [NamespaceSystem-akka.actor.default-dispatcher-23] INFO com.firebase.core.namespace.NamespaceActor - stopped namespace actor for reacttest-a9592-default-rtdb
 {"metadata":{"emulator":{"name":"database"},"message":"05:51:24.165 [NamespaceSystem-akka.actor.default-dispatcher-25] INFO com.firebase.core.namespace.Terminator$Terminator - 3 actors left to terminate: reacttest-a9592-default-rtdb, reacttest-a9592, fake-server\n05:51:24.170 [NamespaceSystem-akka.actor.default-dispatcher-22] INFO com.firebase.core.namespace.NamespaceActor - stopped namespace actor for fake-server\n05:51:24.170 [NamespaceSystem-akka.actor.default-dispatcher-26] INFO com.firebase.core.namespace.NamespaceActor - stopped namespace actor for reacttest-a9592\n05:51:24.170 [NamespaceSystem-akka.actor.default-dispatcher-23] INFO com.firebase.core.namespace.NamespaceActor - stopped namespace actor for reacttest-a9592-default-rtdb\n"}}
[debug] [2022-12-31T21:51:24.173Z] 05:51:24.172 [Thread-0] INFO com.firebase.server.forge.App$ - Graceful shutdown complete.
 {"metadata":{"emulator":{"name":"database"},"message":"05:51:24.172 [Thread-0] INFO com.firebase.server.forge.App$ - Graceful shutdown complete.\n"}}
[warn] ⚠  Emulator UI has exited upon receiving signal: SIGHUP 
[info] i  database: Stopping Database Emulator {"metadata":{"emulator":{"name":"database"},"message":"Stopping Database Emulator"}}
[info] i  database: Stopping Database Emulator {"metadata":{"emulator":{"name":"database"},"message":"Stopping Database Emulator"}}
[warn] ⚠  database: Fatal error occurred: 
   Database Emulator has exited with code: 129, 
   stopping all running emulators {"metadata":{"emulator":{"name":"database"},"message":"Fatal error occurred: \n   Database Emulator has exited with code: 129, \n   stopping all running emulators"}}
[info] i  database: Stopping Database Emulator {"metadata":{"emulator":{"name":"database"},"message":"Stopping Database Emulator"}}
[debug] [2022-12-31T21:51:24.501Z] Error: write EPIPE
    at afterWriteDispatched (node:internal/stream_base_commons:160:15)
    at writeGeneric (node:internal/stream_base_commons:151:3)
    at Socket._writeGeneric (node:net:917:11)
    at Socket._write (node:net:929:8)
    at writeOrBuffer (node:internal/streams/writable:392:12)
    at _write (node:internal/streams/writable:333:10)
    at Writable.write (node:internal/streams/writable:337:10)
    at Console.log (/home/joel/repos/gmbf_web/node_modules/firebase-tools/node_modules/winston/lib/winston/transports/console.js:79:23)
    at Console._write (/home/joel/repos/gmbf_web/node_modules/firebase-tools/node_modules/winston-transport/index.js:103:17)
    at doWrite (/home/joel/repos/gmbf_web/node_modules/firebase-tools/node_modules/winston-transport/node_modules/readable-stream/lib/_stream_writable.js:428:64)
    at writeOrBuffer (/home/joel/repos/gmbf_web/node_modules/firebase-tools/node_modules/winston-transport/node_modules/readable-stream/lib/_stream_writable.js:417:5)
    at Writable.write (/home/joel/repos/gmbf_web/node_modules/firebase-tools/node_modules/winston-transport/node_modules/readable-stream/lib/_stream_writable.js:334:11)
    at DerivedLogger.ondata (/home/joel/repos/gmbf_web/node_modules/firebase-tools/node_modules/readable-stream/lib/_stream_readable.js:681:20)
    at DerivedLogger.emit (node:events:525:35)
    at DerivedLogger.emit (node:domain:489:12)
    at addChunk (/home/joel/repos/gmbf_web/node_modules/firebase-tools/node_modules/readable-stream/lib/_stream_readable.js:298:12)
[error] 
[error] Error: An unexpected error has occurred.
[debug] [2022-12-31T21:51:24.502Z] Error: write EPIPE
    at afterWriteDispatched (node:internal/stream_base_commons:160:15)
    at writeGeneric (node:internal/stream_base_commons:151:3)
    at Socket._writeGeneric (node:net:917:11)
    at Socket._write (node:net:929:8)
    at writeOrBuffer (node:internal/streams/writable:392:12)
    at _write (node:internal/streams/writable:333:10)
    at Writable.write (node:internal/streams/writable:337:10)
    at Console.log (/home/joel/repos/gmbf_web/node_modules/firebase-tools/node_modules/winston/lib/winston/transports/console.js:79:23)
    at Console._write (/home/joel/repos/gmbf_web/node_modules/firebase-tools/node_modules/winston-transport/index.js:103:17)
    at doWrite (/home/joel/repos/gmbf_web/node_modules/firebase-tools/node_modules/winston-transport/node_modules/readable-stream/lib/_stream_writable.js:428:64)
    at writeOrBuffer (/home/joel/repos/gmbf_web/node_modules/firebase-tools/node_modules/winston-transport/node_modules/readable-stream/lib/_stream_writable.js:417:5)
    at Writable.write (/home/joel/repos/gmbf_web/node_modules/firebase-tools/node_modules/winston-transport/node_modules/readable-stream/lib/_stream_writable.js:334:11)
    at DerivedLogger.ondata (/home/joel/repos/gmbf_web/node_modules/firebase-tools/node_modules/readable-stream/lib/_stream_readable.js:681:20)
    at DerivedLogger.emit (node:events:525:35)
    at DerivedLogger.emit (node:domain:489:12)
    at addChunk (/home/joel/repos/gmbf_web/node_modules/firebase-tools/node_modules/readable-stream/lib/_stream_readable.js:298:12)
[error] 
[error] Error: An unexpected error has occurred.
[debug] [2022-12-31T21:51:24.502Z] Error: write EPIPE
    at afterWriteDispatched (node:internal/stream_base_commons:160:15)
    at writeGeneric (node:internal/stream_base_commons:151:3)
    at Socket._writeGeneric (node:net:917:11)
    at Socket._write (node:net:929:8)
    at writeOrBuffer (node:internal/streams/writable:392:12)
    at _write (node:internal/streams/writable:333:10)
    at Writable.write (node:internal/streams/writable:337:10)
    at Console.log (/home/joel/repos/gmbf_web/node_modules/firebase-tools/node_modules/winston/lib/winston/transports/console.js:79:23)
    at Console._write (/home/joel/repos/gmbf_web/node_modules/firebase-tools/node_modules/winston-transport/index.js:103:17)
    at doWrite (/home/joel/repos/gmbf_web/node_modules/firebase-tools/node_modules/winston-transport/node_modules/readable-stream/lib/_stream_writable.js:428:64)
    at writeOrBuffer (/home/joel/repos/gmbf_web/node_modules/firebase-tools/node_modules/winston-transport/node_modules/readable-stream/lib/_stream_writable.js:417:5)
    at Writable.write (/home/joel/repos/gmbf_web/node_modules/firebase-tools/node_modules/winston-transport/node_modules/readable-stream/lib/_stream_writable.js:334:11)
    at DerivedLogger.ondata (/home/joel/repos/gmbf_web/node_modules/firebase-tools/node_modules/readable-stream/lib/_stream_readable.js:681:20)
    at DerivedLogger.emit (node:events:525:35)
    at DerivedLogger.emit (node:domain:489:12)
    at addChunk (/home/joel/repos/gmbf_web/node_modules/firebase-tools/node_modules/readable-stream/lib/_stream_readable.js:298:12)
[error] 
[error] Error: An unexpected error has occurred.
[debug] [2022-12-31T21:51:24.503Z] Error: write EPIPE
    at afterWriteDispatched (node:internal/stream_base_commons:160:15)
    at writeGeneric (node:internal/stream_base_commons:151:3)
    at Socket._writeGeneric (node:net:917:11)
    at Socket._write (node:net:929:8)
    at writeOrBuffer (node:internal/streams/writable:392:12)
    at _write (node:internal/streams/writable:333:10)
    at Writable.write (node:internal/streams/writable:337:10)
    at Console.log (/home/joel/repos/gmbf_web/node_modules/firebase-tools/node_modules/winston/lib/winston/transports/console.js:79:23)
    at Console._write (/home/joel/repos/gmbf_web/node_modules/firebase-tools/node_modules/winston-transport/index.js:103:17)
    at doWrite (/home/joel/repos/gmbf_web/node_modules/firebase-tools/node_modules/winston-transport/node_modules/readable-stream/lib/_stream_writable.js:428:64)
    at writeOrBuffer (/home/joel/repos/gmbf_web/node_modules/firebase-tools/node_modules/winston-transport/node_modules/readable-stream/lib/_stream_writable.js:417:5)
    at Writable.write (/home/joel/repos/gmbf_web/node_modules/firebase-tools/node_modules/winston-transport/node_modules/readable-stream/lib/_stream_writable.js:334:11)
    at DerivedLogger.ondata (/home/joel/repos/gmbf_web/node_modules/firebase-tools/node_modules/readable-stream/lib/_stream_readable.js:681:20)
    at DerivedLogger.emit (node:events:525:35)
    at DerivedLogger.emit (node:domain:489:12)
    at addChunk (/home/joel/repos/gmbf_web/node_modules/firebase-tools/node_modules/readable-stream/lib/_stream_readable.js:298:12)
[error] 
[error] Error: An unexpected error has occurred.
[debug] [2022-12-31T21:51:24.503Z] Error: write EPIPE
    at afterWriteDispatched (node:internal/stream_base_commons:160:15)
    at writeGeneric (node:internal/stream_base_commons:151:3)
    at Socket._writeGeneric (node:net:917:11)
    at Socket._write (node:net:929:8)
    at writeOrBuffer (node:internal/streams/writable:392:12)
    at _write (node:internal/streams/writable:333:10)
    at Writable.write (node:internal/streams/writable:337:10)
    at Console.log (/home/joel/repos/gmbf_web/node_modules/firebase-tools/node_modules/winston/lib/winston/transports/console.js:79:23)
    at Console._write (/home/joel/repos/gmbf_web/node_modules/firebase-tools/node_modules/winston-transport/index.js:103:17)
    at doWrite (/home/joel/repos/gmbf_web/node_modules/firebase-tools/node_modules/winston-transport/node_modules/readable-stream/lib/_stream_writable.js:428:64)
    at writeOrBuffer (/home/joel/repos/gmbf_web/node_modules/firebase-tools/node_modules/winston-transport/node_modules/readable-stream/lib/_stream_writable.js:417:5)
    at Writable.write (/home/joel/repos/gmbf_web/node_modules/firebase-tools/node_modules/winston-transport/node_modules/readable-stream/lib/_stream_writable.js:334:11)
    at DerivedLogger.ondata (/home/joel/repos/gmbf_web/node_modules/firebase-tools/node_modules/readable-stream/lib/_stream_readable.js:681:20)
    at DerivedLogger.emit (node:events:525:35)
    at DerivedLogger.emit (node:domain:489:12)
    at addChunk (/home/joel/repos/gmbf_web/node_modules/firebase-tools/node_modules/readable-stream/lib/_stream_readable.js:298:12)
[error] 
[error] Error: An unexpected error has occurred.
[debug] [2022-12-31T21:51:24.504Z] Error: write EPIPE
    at afterWriteDispatched (node:internal/stream_base_commons:160:15)
    at writeGeneric (node:internal/stream_base_commons:151:3)
    at Socket._writeGeneric (node:net:917:11)
    at Socket._write (node:net:929:8)
    at writeOrBuffer (node:internal/streams/writable:392:12)
    at _write (node:internal/streams/writable:333:10)
    at Writable.write (node:internal/streams/writable:337:10)
    at Console.log (/home/joel/repos/gmbf_web/node_modules/firebase-tools/node_modules/winston/lib/winston/transports/console.js:79:23)
    at Console._write (/home/joel/repos/gmbf_web/node_modules/firebase-tools/node_modules/winston-transport/index.js:103:17)
    at doWrite (/home/joel/repos/gmbf_web/node_modules/firebase-tools/node_modules/winston-transport/node_modules/readable-stream/lib/_stream_writable.js:428:64)
    at writeOrBuffer (/home/joel/repos/gmbf_web/node_modules/firebase-tools/node_modules/winston-transport/node_modules/readable-stream/lib/_stream_writable.js:417:5)
    at Writable.write (/home/joel/repos/gmbf_web/node_modules/firebase-tools/node_modules/winston-transport/node_modules/readable-stream/lib/_stream_writable.js:334:11)
    at DerivedLogger.ondata (/home/joel/repos/gmbf_web/node_modules/firebase-tools/node_modules/readable-stream/lib/_stream_readable.js:681:20)
    at DerivedLogger.emit (node:events:525:35)
    at DerivedLogger.emit (node:domain:489:12)
    at addChunk (/home/joel/repos/gmbf_web/node_modules/firebase-tools/node_modules/readable-stream/lib/_stream_readable.js:298:12)
[error] 
[error] Error: An unexpected error has occurred.
[debug] [2022-12-31T21:51:24.504Z] Error: write EPIPE
    at afterWriteDispatched (node:internal/stream_base_commons:160:15)
    at writeGeneric (node:internal/stream_base_commons:151:3)
    at Socket._writeGeneric (node:net:917:11)
    at Socket._write (node:net:929:8)
    at writeOrBuffer (node:internal/streams/writable:392:12)
    at _write (node:internal/streams/writable:333:10)
    at Writable.write (node:internal/streams/writable:337:10)
    at Console.log (/home/joel/repos/gmbf_web/node_modules/firebase-tools/node_modules/winston/lib/winston/transports/console.js:79:23)
    at Console._write (/home/joel/repos/gmbf_web/node_modules/firebase-tools/node_modules/winston-transport/index.js:103:17)
    at doWrite (/home/joel/repos/gmbf_web/node_modules/firebase-tools/node_modules/winston-transport/node_modules/readable-stream/lib/_stream_writable.js:428:64)
    at writeOrBuffer (/home/joel/repos/gmbf_web/node_modules/firebase-tools/node_modules/winston-transport/node_modules/readable-stream/lib/_stream_writable.js:417:5)
    at Writable.write (/home/joel/repos/gmbf_web/node_modules/firebase-tools/node_modules/winston-transport/node_modules/readable-stream/lib/_stream_writable.js:334:11)
    at DerivedLogger.ondata (/home/joel/repos/gmbf_web/node_modules/firebase-tools/node_modules/readable-stream/lib/_stream_readable.js:681:20)
    at DerivedLogger.emit (node:events:525:35)
    at DerivedLogger.emit (node:domain:489:12)
    at addChunk (/home/joel/repos/gmbf_web/node_modules/firebase-tools/node_modules/readable-stream/lib/_stream_readable.js:298:12)
[error] 
[error] Error: An unexpected error has occurred.
[debug] [2022-12-31T21:51:24.504Z] Error: write EPIPE
    at afterWriteDispatched (node:internal/stream_base_commons:160:15)
    at writeGeneric (node:internal/stream_base_commons:151:3)
    at Socket._writeGeneric (node:net:917:11)
    at Socket._write (node:net:929:8)
    at writeOrBuffer (node:internal/streams/writable:392:12)
    at _write (node:internal/streams/writable:333:10)
    at Writable.write (node:internal/streams/writable:337:10)
    at Console.log (/home/joel/repos/gmbf_web/node_modules/firebase-tools/node_modules/winston/lib/winston/transports/console.js:79:23)
    at Console._write (/home/joel/repos/gmbf_web/node_modules/firebase-tools/node_modules/winston-transport/index.js:103:17)
    at doWrite (/home/joel/repos/gmbf_web/node_modules/firebase-tools/node_modules/winston-transport/node_modules/readable-stream/lib/_stream_writable.js:428:64)
    at writeOrBuffer (/home/joel/repos/gmbf_web/node_modules/firebase-tools/node_modules/winston-transport/node_modules/readable-stream/lib/_stream_writable.js:417:5)
    at Writable.write (/home/joel/repos/gmbf_web/node_modules/firebase-tools/node_modules/winston-transport/node_modules/readable-stream/lib/_stream_writable.js:334:11)
    at DerivedLogger.ondata (/home/joel/repos/gmbf_web/node_modules/firebase-tools/node_modules/readable-stream/lib/_stream_readable.js:681:20)
    at DerivedLogger.emit (node:events:525:35)
    at DerivedLogger.emit (node:domain:489:12)
    at addChunk (/home/joel/repos/gmbf_web/node_modules/firebase-tools/node_modules/readable-stream/lib/_stream_readable.js:298:12)
[error] 
[error] Error: An unexpected error has occurred.
[debug] [2022-12-31T21:51:24.505Z] Error: write EPIPE
    at afterWriteDispatched (node:internal/stream_base_commons:160:15)
    at writeGeneric (node:internal/stream_base_commons:151:3)
    at Socket._writeGeneric (node:net:917:11)
    at Socket._write (node:net:929:8)
    at writeOrBuffer (node:internal/streams/writable:392:12)
    at _write (node:internal/streams/writable:333:10)
    at Writable.write (node:internal/streams/writable:337:10)
    at Console.log (/home/joel/repos/gmbf_web/node_modules/firebase-tools/node_modules/winston/lib/winston/transports/console.js:79:23)
    at Console._write (/home/joel/repos/gmbf_web/node_modules/firebase-tools/node_modules/winston-transport/index.js:103:17)
    at doWrite (/home/joel/repos/gmbf_web/node_modules/firebase-tools/node_modules/winston-transport/node_modules/readable-stream/lib/_stream_writable.js:428:64)
    at writeOrBuffer (/home/joel/repos/gmbf_web/node_modules/firebase-tools/node_modules/winston-transport/node_modules/readable-stream/lib/_stream_writable.js:417:5)
    at Writable.write (/home/joel/repos/gmbf_web/node_modules/firebase-tools/node_modules/winston-transport/node_modules/readable-stream/lib/_stream_writable.js:334:11)
    at DerivedLogger.ondata (/home/joel/repos/gmbf_web/node_modules/firebase-tools/node_modules/readable-stream/lib/_stream_readable.js:681:20)
    at DerivedLogger.emit (node:events:525:35)
    at DerivedLogger.emit (node:domain:489:12)
    at addChunk (/home/joel/repos/gmbf_web/node_modules/firebase-tools/node_modules/readable-stream/lib/_stream_readable.js:298:12)
[error] 
[error] Error: An unexpected error has occurred.
[debug] [2022-12-31T21:51:24.505Z] Error: write EPIPE
    at afterWriteDispatched (node:internal/stream_base_commons:160:15)
    at writeGeneric (node:internal/stream_base_commons:151:3)
    at Socket._writeGeneric (node:net:917:11)
    at Socket._write (node:net:929:8)
    at writeOrBuffer (node:internal/streams/writable:392:12)
    at _write (node:internal/streams/writable:333:10)
    at Writable.write (node:internal/streams/writable:337:10)
    at Console.log (/home/joel/repos/gmbf_web/node_modules/firebase-tools/node_modules/winston/lib/winston/transports/console.js:79:23)
    at Console._write (/home/joel/repos/gmbf_web/node_modules/firebase-tools/node_modules/winston-transport/index.js:103:17)
    at doWrite (/home/joel/repos/gmbf_web/node_modules/firebase-tools/node_modules/winston-transport/node_modules/readable-stream/lib/_stream_writable.js:428:64)
    at writeOrBuffer (/home/joel/repos/gmbf_web/node_modules/firebase-tools/node_modules/winston-transport/node_modules/readable-stream/lib/_stream_writable.js:417:5)
    at Writable.write (/home/joel/repos/gmbf_web/node_modules/firebase-tools/node_modules/winston-transport/node_modules/readable-stream/lib/_stream_writable.js:334:11)
    at DerivedLogger.ondata (/home/joel/repos/gmbf_web/node_modules/firebase-tools/node_modules/readable-stream/lib/_stream_readable.js:681:20)
    at DerivedLogger.emit (node:events:525:35)
    at DerivedLogger.emit (node:domain:489:12)
    at addChunk (/home/joel/repos/gmbf_web/node_modules/firebase-tools/node_modules/readable-stream/lib/_stream_readable.js:298:12)
[error] 
[debug] [2023-01-04T10:37:55.906Z] ----------------------------------------------------------------------
[debug] [2023-01-04T10:37:55.908Z] Command:       /usr/bin/node /usr/local/bin/firebase emulators:start --only auth,database
[debug] [2023-01-04T10:37:55.908Z] CLI Version:   11.9.0
[debug] [2023-01-04T10:37:55.908Z] Platform:      linux
[debug] [2023-01-04T10:37:55.908Z] Node Version:  v14.19.3
[debug] [2023-01-04T10:37:55.909Z] Time:          Wed Jan 04 2023 18:37:55 GMT+0800 (Taipei Standard Time)
[debug] [2023-01-04T10:37:55.909Z] ----------------------------------------------------------------------
[debug] 
[debug] [2023-01-04T10:37:55.911Z] >>> [apiv2][query] GET https://firebase-public.firebaseio.com/cli.json [none]
[debug] [2023-01-04T10:37:55.978Z] > command requires scopes: ["email","openid","https://www.googleapis.com/auth/cloudplatformprojects.readonly","https://www.googleapis.com/auth/firebase","https://www.googleapis.com/auth/cloud-platform"]
[debug] [2023-01-04T10:37:55.979Z] > authorizing via signed-in user (jcchangg3@gmail.com)
[debug] [2023-01-04T10:37:56.095Z] openjdk version "17.0.5" 2022-10-18

[debug] [2023-01-04T10:37:56.095Z] OpenJDK Runtime Environment (Red_Hat-17.0.5.0.8-1.fc37) (build 17.0.5+8)
OpenJDK 64-Bit Server VM (Red_Hat-17.0.5.0.8-1.fc37) (build 17.0.5+8, mixed mode, sharing)

[debug] [2023-01-04T10:37:56.098Z] Parsed Java major version: 17
[info] i  emulators: Starting emulators: auth, database {"metadata":{"emulator":{"name":"hub"},"message":"Starting emulators: auth, database"}}
[debug] [2023-01-04T10:37:56.109Z] [hub] writing locator at /tmp/hub-reacttest-a9592.json
[debug] [2023-01-04T10:37:56.115Z] > refreshing access token with scopes: []
[debug] [2023-01-04T10:37:56.115Z] >>> [apiv2][query] POST https://www.googleapis.com/oauth2/v3/token [none]
[debug] [2023-01-04T10:37:56.115Z] >>> [apiv2][body] POST https://www.googleapis.com/oauth2/v3/token [omitted]
[debug] [2023-01-04T10:37:56.242Z] <<< [apiv2][status] POST https://www.googleapis.com/oauth2/v3/token 200
[debug] [2023-01-04T10:37:56.242Z] <<< [apiv2][body] POST https://www.googleapis.com/oauth2/v3/token [omitted]
[debug] [2023-01-04T10:37:56.247Z] >>> [apiv2][query] GET https://firebase.googleapis.com/v1beta1/projects/reacttest-a9592 [none]
[debug] [2023-01-04T10:37:56.406Z] <<< [apiv2][status] GET https://firebase-public.firebaseio.com/cli.json 200
[debug] [2023-01-04T10:37:56.407Z] <<< [apiv2][body] GET https://firebase-public.firebaseio.com/cli.json {"cloudBuildErrorAfter":1594252800000,"cloudBuildWarnAfter":1590019200000,"defaultNode10After":1594252800000,"minVersion":"3.0.5","node8DeploysDisabledAfter":1613390400000,"node8RuntimeDisabledAfter":1615809600000,"node8WarnAfter":1600128000000}
[debug] [2023-01-04T10:37:56.603Z] <<< [apiv2][status] GET https://firebase.googleapis.com/v1beta1/projects/reacttest-a9592 200
[debug] [2023-01-04T10:37:56.603Z] <<< [apiv2][body] GET https://firebase.googleapis.com/v1beta1/projects/reacttest-a9592 {"projectId":"reacttest-a9592","projectNumber":"462483936284","displayName":"reacttest","name":"projects/reacttest-a9592","resources":{"hostingSite":"reacttest-a9592","realtimeDatabaseInstance":"reacttest-a9592-default-rtdb"},"state":"ACTIVE","etag":"1_b41b5572-6360-40db-a8fd-e7ed3fe77263"}
[debug] [2023-01-04T10:37:56.603Z] database rules config:  [{"instance":"reacttest-a9592-default-rtdb","rules":"/home/joelchang/repos/gmbf_web/database.rules.json"}]
[debug] [2023-01-04T10:37:56.608Z] Ignoring unsupported arg: projectId {"metadata":{"emulator":{"name":"database"},"message":"Ignoring unsupported arg: projectId"}}
[debug] [2023-01-04T10:37:56.608Z] Ignoring unsupported arg: auto_download {"metadata":{"emulator":{"name":"database"},"message":"Ignoring unsupported arg: auto_download"}}
[debug] [2023-01-04T10:37:56.608Z] Ignoring unsupported arg: rules {"metadata":{"emulator":{"name":"database"},"message":"Ignoring unsupported arg: rules"}}
[debug] [2023-01-04T10:37:56.608Z] Starting Database Emulator with command {"binary":"java","args":["-Duser.language=en","-jar","/home/joelchang/.cache/firebase/emulators/firebase-database-emulator-v4.8.0.jar","--host","localhost","--port",9000],"optionalArgs":["port","host","functions_emulator_port","functions_emulator_host"],"joinArgs":false} {"metadata":{"emulator":{"name":"database"},"message":"Starting Database Emulator with command {\"binary\":\"java\",\"args\":[\"-Duser.language=en\",\"-jar\",\"/home/joelchang/.cache/firebase/emulators/firebase-database-emulator-v4.8.0.jar\",\"--host\",\"localhost\",\"--port\",9000],\"optionalArgs\":[\"port\",\"host\",\"functions_emulator_port\",\"functions_emulator_host\"],\"joinArgs\":false}"}}
[info] i  database: Database Emulator logging to database-debug.log {"metadata":{"emulator":{"name":"database"},"message":"Database Emulator logging to \u001b[1mdatabase-debug.log\u001b[22m"}}
[debug] [2023-01-04T10:37:57.870Z] 18:37:57.869 [NamespaceSystem-akka.actor.default-dispatcher-6] INFO akka.event.slf4j.Slf4jLogger - Slf4jLogger started
 {"metadata":{"emulator":{"name":"database"},"message":"18:37:57.869 [NamespaceSystem-akka.actor.default-dispatcher-6] INFO akka.event.slf4j.Slf4jLogger - Slf4jLogger started\n"}}
[debug] [2023-01-04T10:37:58.047Z] 18:37:58.046 [main] INFO com.firebase.server.forge.App$ - Listening at localhost:9000
 {"metadata":{"emulator":{"name":"database"},"message":"18:37:58.046 [main] INFO com.firebase.server.forge.App$ - Listening at localhost:9000\n"}}
[debug] [2023-01-04T10:38:05.595Z] Ignoring unsupported arg: auto_download {"metadata":{"emulator":{"name":"ui"},"message":"Ignoring unsupported arg: auto_download"}}
[debug] [2023-01-04T10:38:05.595Z] Ignoring unsupported arg: port {"metadata":{"emulator":{"name":"ui"},"message":"Ignoring unsupported arg: port"}}
[debug] [2023-01-04T10:38:05.595Z] Starting Emulator UI with command {"binary":"node","args":["/home/joelchang/.cache/firebase/emulators/ui-v1.9.0/server/server.js"],"optionalArgs":[],"joinArgs":false} {"metadata":{"emulator":{"name":"ui"},"message":"Starting Emulator UI with command {\"binary\":\"node\",\"args\":[\"/home/joelchang/.cache/firebase/emulators/ui-v1.9.0/server/server.js\"],\"optionalArgs\":[],\"joinArgs\":false}"}}
[info] i  ui: Emulator UI logging to ui-debug.log {"metadata":{"emulator":{"name":"ui"},"message":"Emulator UI logging to \u001b[1mui-debug.log\u001b[22m"}}
[debug] [2023-01-04T10:38:05.758Z] Web / API server started at localhost:4000
 {"metadata":{"emulator":{"name":"ui"},"message":"Web / API server started at localhost:4000\n"}}
[debug] [2023-01-04T10:38:05.860Z] >>> [apiv2][query] PUT http://localhost:9000/.settings/rules.json ns=reacttest-a9592-default-rtdb
[debug] [2023-01-04T10:38:05.860Z] >>> [apiv2][body] PUT http://localhost:9000/.settings/rules.json "{\n  \"rules\": {\n    \".read\": \"true\",\n    \".write\": \"true\"\n  }\n}"
[debug] [2023-01-04T10:38:06.057Z] 18:38:06.057 [NamespaceSystem-akka.actor.default-dispatcher-7] INFO com.firebase.core.namespace.NamespaceActor - reacttest-a9592-default-rtdb successfully activated FBKV (SurveyIdle(0)) wait: 106ms, init: 0ms
 {"metadata":{"emulator":{"name":"database"},"message":"18:38:06.057 [NamespaceSystem-akka.actor.default-dispatcher-7] INFO com.firebase.core.namespace.NamespaceActor - reacttest-a9592-default-rtdb successfully activated FBKV (SurveyIdle(0)) wait: 106ms, init: 0ms\n"}}
[debug] [2023-01-04T10:38:06.116Z] 18:38:06.116 [NamespaceSystem-blocking-namespace-operation-dispatcher-8:reacttest-a9592-default-rtdb$-1731481239:] INFO com.firebase.core.namespace.StateManager - Namespace reacttest-a9592-default-rtdb status Active to Active
 {"metadata":{"emulator":{"name":"database"},"message":"18:38:06.116 [NamespaceSystem-blocking-namespace-operation-dispatcher-8:reacttest-a9592-default-rtdb$-1731481239:] INFO com.firebase.core.namespace.StateManager - Namespace reacttest-a9592-default-rtdb status Active to Active\n"}}
[debug] [2023-01-04T10:38:06.168Z] <<< [apiv2][status] PUT http://localhost:9000/.settings/rules.json 200
[debug] [2023-01-04T10:38:06.168Z] <<< [apiv2][body] PUT http://localhost:9000/.settings/rules.json {"status":"ok"}
[info] 
┌─────────────────────────────────────────────────────────────┐
│ ✔  All emulators ready! It is now safe to connect your app. │
│ i  View Emulator UI at http://localhost:4000                │
└─────────────────────────────────────────────────────────────┘

┌────────────────┬────────────────┬────────────────────────────────┐
│ Emulator       │ Host:Port      │ View in Emulator UI            │
├────────────────┼────────────────┼────────────────────────────────┤
│ Authentication │ localhost:9099 │ http://localhost:4000/auth     │
├────────────────┼────────────────┼────────────────────────────────┤
│ Database       │ localhost:9000 │ http://localhost:4000/database │
└────────────────┴────────────────┴────────────────────────────────┘
  Emulator Hub running at localhost:4400
  Other reserved ports: 4500

Issues? Report them at https://github.com/firebase/firebase-tools/issues and attach the *-debug.log files.
 
[warn] ⚠  Error: Internal state invariant broken: no user with ID: EherwRSQA7cBLCHvbZ3tTrcdIHVr
    at AgentProjectState.getUserByLocalIdAssertingExists (/usr/local/lib/node_modules/firebase-tools/lib/emulator/auth/state.js:207:19)
    at AgentProjectState.validateRefreshToken (/usr/local/lib/node_modules/firebase-tools/lib/emulator/auth/state.js:294:24)
    at grantToken (/usr/local/lib/node_modules/firebase-tools/lib/emulator/auth/operations.js:1287:38)
    at Proxy.<anonymous> (/usr/local/lib/node_modules/firebase-tools/lib/emulator/auth/server.js:375:20)
    at /usr/local/lib/node_modules/firebase-tools/node_modules/promise-breaker/index.js:265:46
    at processTicksAndRejections (internal/process/task_queues.js:95:5) {"metadata":{"emulator":{"name":"auth"},"message":"Error: Internal state invariant broken: no user with ID: EherwRSQA7cBLCHvbZ3tTrcdIHVr\n    at AgentProjectState.getUserByLocalIdAssertingExists (/usr/local/lib/node_modules/firebase-tools/lib/emulator/auth/state.js:207:19)\n    at AgentProjectState.validateRefreshToken (/usr/local/lib/node_modules/firebase-tools/lib/emulator/auth/state.js:294:24)\n    at grantToken (/usr/local/lib/node_modules/firebase-tools/lib/emulator/auth/operations.js:1287:38)\n    at Proxy.<anonymous> (/usr/local/lib/node_modules/firebase-tools/lib/emulator/auth/server.js:375:20)\n    at /usr/local/lib/node_modules/firebase-tools/node_modules/promise-breaker/index.js:265:46\n    at processTicksAndRejections (internal/process/task_queues.js:95:5)"}}
[debug] [2023-01-04T10:38:10.060Z] 18:38:10.059 [NamespaceSystem-akka.actor.default-dispatcher-16] INFO com.firebase.core.namespace.NamespaceActor - fake-server successfully activated FBKV (SurveyIdle(0)) wait: 2ms, init: 0ms
 {"metadata":{"emulator":{"name":"database"},"message":"18:38:10.059 [NamespaceSystem-akka.actor.default-dispatcher-16] INFO com.firebase.core.namespace.NamespaceActor - fake-server successfully activated FBKV (SurveyIdle(0)) wait: 2ms, init: 0ms\n"}}
[debug] [2023-01-04T15:49:32.139Z] Received signal SIGHUP 1
[info]  
[info] i  emulators: Received SIGHUP for the first time. Starting a clean shutdown. 
[info] i  emulators: Please wait for a clean shutdown or send the SIGHUP signal again to stop right now. 
[info] i  emulators: Shutting down emulators. {"metadata":{"emulator":{"name":"hub"},"message":"Shutting down emulators."}}
[info] i  ui: Stopping Emulator UI {"metadata":{"emulator":{"name":"ui"},"message":"Stopping Emulator UI"}}
[warn] ⚠  Emulator UI has exited upon receiving signal: SIGINT 
[info] i  database: Stopping Database Emulator {"metadata":{"emulator":{"name":"database"},"message":"Stopping Database Emulator"}}
[debug] [2023-01-04T15:49:32.147Z] 23:49:32.147 [Thread-0] INFO com.firebase.server.forge.App$ - Attempting graceful shutdown.
 {"metadata":{"emulator":{"name":"database"},"message":"23:49:32.147 [Thread-0] INFO com.firebase.server.forge.App$ - Attempting graceful shutdown.\n"}}
[debug] [2023-01-04T15:49:32.151Z] 23:49:32.151 [NamespaceSystem-akka.actor.default-dispatcher-67] INFO com.firebase.core.namespace.Terminator$Terminator - 2 actors left to terminate: reacttest-a9592-default-rtdb, fake-server
 {"metadata":{"emulator":{"name":"database"},"message":"23:49:32.151 [NamespaceSystem-akka.actor.default-dispatcher-67] INFO com.firebase.core.namespace.Terminator$Terminator - 2 actors left to terminate: reacttest-a9592-default-rtdb, fake-server\n"}}
[debug] [2023-01-04T15:49:32.157Z] 23:49:32.154 [NamespaceSystem-akka.actor.default-dispatcher-70] INFO com.firebase.core.namespace.NamespaceActor - stopped namespace actor for reacttest-a9592-default-rtdb
23:49:32.156 [NamespaceSystem-akka.actor.default-dispatcher-67] INFO com.firebase.core.namespace.NamespaceActor - stopped namespace actor for fake-server
 {"metadata":{"emulator":{"name":"database"},"message":"23:49:32.154 [NamespaceSystem-akka.actor.default-dispatcher-70] INFO com.firebase.core.namespace.NamespaceActor - stopped namespace actor for reacttest-a9592-default-rtdb\n23:49:32.156 [NamespaceSystem-akka.actor.default-dispatcher-67] INFO com.firebase.core.namespace.NamespaceActor - stopped namespace actor for fake-server\n"}}
[debug] [2023-01-04T15:49:32.158Z] 23:49:32.158 [Thread-0] INFO com.firebase.server.forge.App$ - Graceful shutdown complete.
 {"metadata":{"emulator":{"name":"database"},"message":"23:49:32.158 [Thread-0] INFO com.firebase.server.forge.App$ - Graceful shutdown complete.\n"}}
[info] i  auth: Stopping Authentication Emulator {"metadata":{"emulator":{"name":"auth"},"message":"Stopping Authentication Emulator"}}
[debug] [2023-01-04T15:49:32.487Z] Error: write EPIPE
    at afterWriteDispatched (internal/stream_base_commons.js:156:25)
    at writeGeneric (internal/stream_base_commons.js:147:3)
    at Socket._writeGeneric (net.js:798:11)
    at Socket._write (net.js:810:8)
    at writeOrBuffer (internal/streams/writable.js:358:12)
    at Socket.Writable.write (internal/streams/writable.js:303:10)
    at Console.log (/usr/local/lib/node_modules/firebase-tools/node_modules/winston/lib/winston/transports/console.js:79:23)
    at Console._write (/usr/local/lib/node_modules/firebase-tools/node_modules/winston-transport/index.js:103:17)
    at doWrite (/usr/local/lib/node_modules/firebase-tools/node_modules/winston-transport/node_modules/readable-stream/lib/_stream_writable.js:428:64)
    at writeOrBuffer (/usr/local/lib/node_modules/firebase-tools/node_modules/winston-transport/node_modules/readable-stream/lib/_stream_writable.js:417:5)
    at Console.Writable.write (/usr/local/lib/node_modules/firebase-tools/node_modules/winston-transport/node_modules/readable-stream/lib/_stream_writable.js:334:11)
    at DerivedLogger.ondata (/usr/local/lib/node_modules/firebase-tools/node_modules/readable-stream/lib/_stream_readable.js:681:20)
    at DerivedLogger.emit (events.js:412:35)
    at DerivedLogger.emit (domain.js:475:12)
    at addChunk (/usr/local/lib/node_modules/firebase-tools/node_modules/readable-stream/lib/_stream_readable.js:298:12)
    at readableAddChunk (/usr/local/lib/node_modules/firebase-tools/node_modules/readable-stream/lib/_stream_readable.js:280:11)
[error] 
[error] Error: An unexpected error has occurred.
[info] i  hub: Stopping emulator hub {"metadata":{"emulator":{"name":"hub"},"message":"Stopping emulator hub"}}
[info] i  logging: Stopping Logging Emulator {"metadata":{"emulator":{"name":"logging"},"message":"Stopping Logging Emulator"}}
